<?xml version="1.0" encoding="UTF-8"?>
<!-- Generated by org.testng.reporters.JUnitReportReporter -->
<testsuite hostname="Telus" failures="0" tests="3" name="com.telus.registerdemo.RegisterDemoFlow" time="9.994" errors="0" timestamp="2023-03-21T06:39:30 IST" skipped="0">
  <testcase classname="com.telus.registerdemo.RegisterDemoFlow" name="navigateToRegisterDemoScreen" time="1.386"/>
  <system-out>
    <![CDATA[Register Demo page is displayed]]>
  </system-out>
  <testcase classname="com.telus.registerdemo.RegisterDemoFlow" name="registerUser" time="8.565"/>
  <system-out>
    <![CDATA[Title of the page is : Demo Site – Registration Form – NxtGen A.I Academy
Form title is displayed
Actual and expected registration form title are same
Actual and expected title is : Register For Demo
First Name is Displayed
First Name is :Vinoth
Last name is Displayed
Last Name is :R
Radio button is not selected
Radio button is selected
Street Address is Displayed
Street address is :ABC
Apartment is displayed
Apartment number is : XYZ
City is displayed
City is : Chennai
State is displayed
State is : Tamil Nadu
Postal/Zip is displayed
Postal/Zip value is :600100
Country is displayed
Country drop down is enabled
Selected country is : India
Email is displayed
Email address is : vinoth@gmail.com
Date is displayed
Entered date is :02/06/23
Time in Hours is displayed
Time in hours is enabled
Select time in hours is :09
Time in minute dropdown is displayed
Time in min drop down is enabled
Time selected in min is : 05
Mobile number is displayed
Mobile number is : 6383544892
UFT checkbox is not selected
TestNG checkbox is not selected
Query text box is displayed
Query is : What is overal cost of the training?
Verification text box is displayed
Verification value is : 99
Submit button is enabled
User is registered]]>
  </system-out>
  <testcase classname="com.telus.registerdemo.RegisterDemoFlow" name="validateSuccessfulMessage" time="0.043"/>
  <system-out>
    <![CDATA[Dynamic Transaction Verification
Registration Form is Successfully Submitted. The Transaction ID : NXTGEN41739
Form is submitted successfully
Confirmation message is : Registration Form is Successfully Submitted.
The Transaction ID : NXTGEN41739
Message is validated]]>
  </system-out>
</testsuite> <!-- com.telus.registerdemo.RegisterDemoFlow -->
